# JRE version: OpenJDK Runtime Environment (21.0.7) (build 21.0.7+-13880790-b1038.58)
# Java VM: OpenJDK 64-Bit Server VM (21.0.7+-13880790-b1038.58, mixed mode, tiered, compressed oops, compressed class ptrs, g1 gc, windows-amd64)
GC Precious Log:
 CardTable entry size: 512
 Card Set container configuration: InlinePtr #cards 5 size 8 Array Of Cards #cards 12 size 40 Howl #buckets 4 coarsen threshold 1843 Howl Bitmap #cards 512 size 80 coarsen threshold 460 Card regions per heap region 1 cards per card region 2048
 CPUs: 4 total, 4 available
 Memory: 3991M
 Large Page Support: Disabled
 NUMA Support: Disabled
 Compressed Oops: Enabled (32-bit)
 Heap Region Size: 1M
 Heap Min Capacity: 8M
 Heap Initial Capacity: 64M
 Heap Max Capacity: 2G
 Pre-touch: Disabled
 Parallel Workers: 4
 Concurrent Workers: 1
 Concurrent Refinement Workers: 4
 Periodic GC: Disabled
Heap:
 garbage-first heap   total 304128K, used 173008K [0x0000000080000000, 0x0000000100000000)
  region size 1024K, 8 young (8192K), 8 survivors (8192K)
 Metaspace       used 115873K, committed 118144K, reserved 1179648K
  class space    used 15784K, committed 16896K, reserved 1048576K
GC Heap History (20 events):
Event: 54.282 GC heap after
{Heap after GC invocations=33 (full 0):
 garbage-first heap   total 220160K, used 133512K [0x0000000080000000, 0x0000000100000000)
  region size 1024K, 4 young (4096K), 4 survivors (4096K)
 Metaspace       used 86066K, committed 88064K, reserved 1179648K
  class space    used 11690K, committed 12672K, reserved 1048576K
}
Event: 58.809 GC heap before
{Heap before GC invocations=34 (full 0):
 garbage-first heap   total 232448K, used 197000K [0x0000000080000000, 0x0000000100000000)
  region size 1024K, 62 young (63488K), 4 survivors (4096K)
 Metaspace       used 89570K, committed 91520K, reserved 1179648K
  class space    used 12165K, committed 13120K, reserved 1048576K
}
Event: 58.944 GC heap after
{Heap after GC invocations=35 (full 0):
 garbage-first heap   total 232448K, used 138936K [0x0000000080000000, 0x0000000100000000)
  region size 1024K, 8 young (8192K), 8 survivors (8192K)
 Metaspace       used 89570K, committed 91520K, reserved 1179648K
  class space    used 12165K, committed 13120K, reserved 1048576K
}
Event: 62.284 GC heap before
{Heap before GC invocations=35 (full 0):
 garbage-first heap   total 232448K, used 205496K [0x0000000080000000, 0x0000000100000000)
  region size 1024K, 70 young (71680K), 8 survivors (8192K)
 Metaspace       used 96193K, committed 98240K, reserved 1179648K
  class space    used 12991K, committed 14016K, reserved 1048576K
}
Event: 62.387 GC heap after
{Heap after GC invocations=36 (full 0):
 garbage-first heap   total 232448K, used 146915K [0x0000000080000000, 0x0000000100000000)
  region size 1024K, 5 young (5120K), 5 survivors (5120K)
 Metaspace       used 96193K, committed 98240K, reserved 1179648K
  class space    used 12991K, committed 14016K, reserved 1048576K
}
Event: 64.410 GC heap before
{Heap before GC invocations=36 (full 0):
 garbage-first heap   total 232448K, used 208355K [0x0000000080000000, 0x0000000100000000)
  region size 1024K, 65 young (66560K), 5 survivors (5120K)
 Metaspace       used 98294K, committed 100288K, reserved 1179648K
  class space    used 13270K, committed 14272K, reserved 1048576K
}
Event: 64.451 GC heap after
{Heap after GC invocations=37 (full 0):
 garbage-first heap   total 232448K, used 151394K [0x0000000080000000, 0x0000000100000000)
  region size 1024K, 9 young (9216K), 9 survivors (9216K)
 Metaspace       used 98294K, committed 100288K, reserved 1179648K
  class space    used 13270K, committed 14272K, reserved 1048576K
}
Event: 66.842 GC heap before
{Heap before GC invocations=38 (full 0):
 garbage-first heap   total 252928K, used 209762K [0x0000000080000000, 0x0000000100000000)
  region size 1024K, 66 young (67584K), 9 survivors (9216K)
 Metaspace       used 102525K, committed 104640K, reserved 1179648K
  class space    used 13934K, committed 14976K, reserved 1048576K
}
Event: 66.907 GC heap after
{Heap after GC invocations=39 (full 0):
 garbage-first heap   total 252928K, used 153512K [0x0000000080000000, 0x0000000100000000)
  region size 1024K, 7 young (7168K), 7 survivors (7168K)
 Metaspace       used 102525K, committed 104640K, reserved 1179648K
  class space    used 13934K, committed 14976K, reserved 1048576K
}
Event: 70.170 GC heap before
{Heap before GC invocations=39 (full 0):
 garbage-first heap   total 252928K, used 228264K [0x0000000080000000, 0x0000000100000000)
  region size 1024K, 80 young (81920K), 7 survivors (7168K)
 Metaspace       used 107767K, committed 109952K, reserved 1179648K
  class space    used 14806K, committed 15872K, reserved 1048576K
}
Event: 70.271 GC heap after
{Heap after GC invocations=40 (full 0):
 garbage-first heap   total 304128K, used 154858K [0x0000000080000000, 0x0000000100000000)
  region size 1024K, 6 young (6144K), 6 survivors (6144K)
 Metaspace       used 107767K, committed 109952K, reserved 1179648K
  class space    used 14806K, committed 15872K, reserved 1048576K
}
Event: 78.823 GC heap before
{Heap before GC invocations=40 (full 0):
 garbage-first heap   total 304128K, used 270570K [0x0000000080000000, 0x0000000100000000)
  region size 1024K, 113 young (115712K), 6 survivors (6144K)
 Metaspace       used 115870K, committed 118144K, reserved 1179648K
  class space    used 15784K, committed 16896K, reserved 1048576K
}
Event: 79.327 GC heap after
{Heap after GC invocations=41 (full 0):
 garbage-first heap   total 304128K, used 165505K [0x0000000080000000, 0x0000000100000000)
  region size 1024K, 14 young (14336K), 14 survivors (14336K)
 Metaspace       used 115870K, committed 118144K, reserved 1179648K
  class space    used 15784K, committed 16896K, reserved 1048576K
}
Event: 79.349 GC heap before
{Heap before GC invocations=41 (full 0):
 garbage-first heap   total 304128K, used 166529K [0x0000000080000000, 0x0000000100000000)
  region size 1024K, 15 young (15360K), 14 survivors (14336K)
 Metaspace       used 115870K, committed 118144K, reserved 1179648K
  class space    used 15784K, committed 16896K, reserved 1048576K
}
Event: 79.421 GC heap after
{Heap after GC invocations=42 (full 0):
 garbage-first heap   total 304128K, used 166400K [0x0000000080000000, 0x0000000100000000)
  region size 1024K, 2 young (2048K), 2 survivors (2048K)
 Metaspace       used 115870K, committed 118144K, reserved 1179648K
  class space    used 15784K, committed 16896K, reserved 1048576K
}
Event: 80.793 GC heap before
{Heap before GC invocations=42 (full 0):
 garbage-first heap   total 304128K, used 229888K [0x0000000080000000, 0x0000000100000000)
  region size 1024K, 64 young (65536K), 2 survivors (2048K)
 Metaspace       used 115872K, committed 118144K, reserved 1179648K
  class space    used 15784K, committed 16896K, reserved 1048576K
}
Event: 80.809 GC heap after
{Heap after GC invocations=43 (full 0):
 garbage-first heap   total 304128K, used 168960K [0x0000000080000000, 0x0000000100000000)
  region size 1024K, 4 young (4096K), 4 survivors (4096K)
 Metaspace       used 115872K, committed 118144K, reserved 1179648K
  class space    used 15784K, committed 16896K, reserved 1048576K
}
Event: 81.863 GC heap before
{Heap before GC invocations=43 (full 0):
 garbage-first heap   total 304128K, used 247808K [0x0000000080000000, 0x0000000100000000)
  region size 1024K, 81 young (82944K), 4 survivors (4096K)
 Metaspace       used 115873K, committed 118144K, reserved 1179648K
  class space    used 15784K, committed 16896K, reserved 1048576K
}
Event: 81.898 GC heap after
{Heap after GC invocations=44 (full 0):
 garbage-first heap   total 304128K, used 171008K [0x0000000080000000, 0x0000000100000000)
  region size 1024K, 6 young (6144K), 6 survivors (6144K)
 Metaspace       used 115873K, committed 118144K, reserved 1179648K
  class space    used 15784K, committed 16896K, reserved 1048576K
}
Event: 83.128 GC heap before
{Heap before GC invocations=44 (full 0):
 garbage-first heap   total 304128K, used 258048K [0x0000000080000000, 0x0000000100000000)
  region size 1024K, 91 young (93184K), 6 survivors (6144K)
 Metaspace       used 115873K, committed 118144K, reserved 1179648K
  class space    used 15784K, committed 16896K, reserved 1048576K
}

